2021/12/08 03:54:17 [emerg] 1#1: host not found in upstream "react" in /etc/nginx/conf.d/default.conf:4
2021/12/08 04:49:47 [notice] 1#1: using the "epoll" event method
2021/12/08 04:49:47 [notice] 1#1: nginx/1.20.2
2021/12/08 04:49:47 [notice] 1#1: built by gcc 10.3.1 20210424 (Alpine 10.3.1_git20210424) 
2021/12/08 04:49:47 [notice] 1#1: OS: Linux 5.10.47-linuxkit
2021/12/08 04:49:47 [notice] 1#1: getrlimit(RLIMIT_NOFILE): 1048576:1048576
2021/12/08 04:49:47 [notice] 1#1: start worker processes
2021/12/08 04:49:47 [notice] 1#1: start worker process 25
2021/12/08 04:49:47 [notice] 1#1: start worker process 26
2021/12/08 04:50:04 [notice] 1#1: signal 3 (SIGQUIT) received, shutting down
2021/12/08 04:50:04 [notice] 25#25: gracefully shutting down
2021/12/08 04:50:04 [notice] 25#25: exiting
2021/12/08 04:50:04 [notice] 26#26: gracefully shutting down
2021/12/08 04:50:04 [notice] 25#25: exit
2021/12/08 04:50:04 [notice] 26#26: exiting
2021/12/08 04:50:04 [notice] 26#26: exit
2021/12/08 04:50:04 [notice] 1#1: signal 17 (SIGCHLD) received from 25
2021/12/08 04:50:04 [notice] 1#1: worker process 25 exited with code 0
2021/12/08 04:50:04 [notice] 1#1: signal 29 (SIGIO) received
2021/12/08 04:50:04 [notice] 1#1: signal 17 (SIGCHLD) received from 26
2021/12/08 04:50:04 [notice] 1#1: worker process 26 exited with code 0
2021/12/08 04:50:04 [notice] 1#1: exit
2021/12/08 04:50:57 [notice] 1#1: using the "epoll" event method
2021/12/08 04:50:57 [notice] 1#1: nginx/1.20.2
2021/12/08 04:50:57 [notice] 1#1: built by gcc 10.3.1 20210424 (Alpine 10.3.1_git20210424) 
2021/12/08 04:50:57 [notice] 1#1: OS: Linux 5.10.47-linuxkit
2021/12/08 04:50:57 [notice] 1#1: getrlimit(RLIMIT_NOFILE): 1048576:1048576
2021/12/08 04:50:57 [notice] 1#1: start worker processes
2021/12/08 04:50:57 [notice] 1#1: start worker process 25
2021/12/08 04:50:57 [notice] 1#1: start worker process 26
2021/12/08 04:51:15 [notice] 1#1: signal 3 (SIGQUIT) received, shutting down
2021/12/08 04:51:15 [notice] 25#25: gracefully shutting down
2021/12/08 04:51:15 [notice] 25#25: exiting
2021/12/08 04:51:15 [notice] 26#26: gracefully shutting down
2021/12/08 04:51:15 [notice] 26#26: exiting
2021/12/08 04:51:15 [notice] 25#25: exit
2021/12/08 04:51:15 [notice] 26#26: exit
2021/12/08 04:51:15 [notice] 1#1: signal 17 (SIGCHLD) received from 25
2021/12/08 04:51:15 [notice] 1#1: worker process 25 exited with code 0
2021/12/08 04:51:15 [notice] 1#1: signal 29 (SIGIO) received
2021/12/08 04:51:15 [notice] 1#1: signal 17 (SIGCHLD) received from 26
2021/12/08 04:51:15 [notice] 1#1: worker process 26 exited with code 0
2021/12/08 04:51:15 [notice] 1#1: exit
2021/12/08 04:52:29 [notice] 1#1: using the "epoll" event method
2021/12/08 04:52:29 [notice] 1#1: nginx/1.20.2
2021/12/08 04:52:29 [notice] 1#1: built by gcc 10.3.1 20210424 (Alpine 10.3.1_git20210424) 
2021/12/08 04:52:29 [notice] 1#1: OS: Linux 5.10.47-linuxkit
2021/12/08 04:52:29 [notice] 1#1: getrlimit(RLIMIT_NOFILE): 1048576:1048576
2021/12/08 04:52:29 [notice] 1#1: start worker processes
2021/12/08 04:52:29 [notice] 1#1: start worker process 23
2021/12/08 04:52:29 [notice] 1#1: start worker process 24
2021/12/08 04:52:37 [notice] 1#1: signal 3 (SIGQUIT) received, shutting down
2021/12/08 04:52:37 [notice] 24#24: gracefully shutting down
2021/12/08 04:52:37 [notice] 23#23: gracefully shutting down
2021/12/08 04:52:37 [notice] 23#23: exiting
2021/12/08 04:52:37 [notice] 24#24: exiting
2021/12/08 04:52:37 [notice] 23#23: exit
2021/12/08 04:52:37 [notice] 24#24: exit
2021/12/08 04:52:37 [notice] 1#1: signal 17 (SIGCHLD) received from 23
2021/12/08 04:52:37 [notice] 1#1: worker process 23 exited with code 0
2021/12/08 04:52:37 [notice] 1#1: signal 29 (SIGIO) received
2021/12/08 04:52:37 [notice] 1#1: signal 17 (SIGCHLD) received from 24
2021/12/08 04:52:37 [notice] 1#1: worker process 24 exited with code 0
2021/12/08 04:52:37 [notice] 1#1: exit
2021/12/08 04:53:12 [notice] 1#1: using the "epoll" event method
2021/12/08 04:53:12 [notice] 1#1: nginx/1.20.2
2021/12/08 04:53:12 [notice] 1#1: built by gcc 10.3.1 20210424 (Alpine 10.3.1_git20210424) 
2021/12/08 04:53:12 [notice] 1#1: OS: Linux 5.10.47-linuxkit
2021/12/08 04:53:12 [notice] 1#1: getrlimit(RLIMIT_NOFILE): 1048576:1048576
2021/12/08 04:53:12 [notice] 1#1: start worker processes
2021/12/08 04:53:12 [notice] 1#1: start worker process 25
2021/12/08 04:53:12 [notice] 1#1: start worker process 26
2021/12/08 05:06:33 [notice] 1#1: signal 3 (SIGQUIT) received, shutting down
2021/12/08 05:06:33 [notice] 26#26: gracefully shutting down
2021/12/08 05:06:33 [notice] 25#25: gracefully shutting down
2021/12/08 05:06:33 [notice] 26#26: exiting
2021/12/08 05:06:33 [notice] 25#25: exiting
2021/12/08 05:06:33 [notice] 26#26: exit
2021/12/08 05:06:33 [notice] 25#25: exit
2021/12/08 05:06:33 [notice] 1#1: signal 17 (SIGCHLD) received from 25
2021/12/08 05:06:33 [notice] 1#1: worker process 25 exited with code 0
2021/12/08 05:06:33 [notice] 1#1: signal 29 (SIGIO) received
2021/12/08 05:06:33 [notice] 1#1: signal 17 (SIGCHLD) received from 26
2021/12/08 05:06:33 [notice] 1#1: worker process 26 exited with code 0
2021/12/08 05:06:33 [notice] 1#1: exit
2021/12/08 05:07:51 [notice] 1#1: using the "epoll" event method
2021/12/08 05:07:51 [notice] 1#1: nginx/1.20.2
2021/12/08 05:07:51 [notice] 1#1: built by gcc 10.3.1 20210424 (Alpine 10.3.1_git20210424) 
2021/12/08 05:07:51 [notice] 1#1: OS: Linux 5.10.47-linuxkit
2021/12/08 05:07:51 [notice] 1#1: getrlimit(RLIMIT_NOFILE): 1048576:1048576
2021/12/08 05:07:51 [notice] 1#1: start worker processes
2021/12/08 05:07:51 [notice] 1#1: start worker process 26
2021/12/08 05:07:51 [notice] 1#1: start worker process 27
2021/12/08 05:08:05 [notice] 1#1: signal 3 (SIGQUIT) received, shutting down
2021/12/08 05:08:05 [notice] 26#26: gracefully shutting down
2021/12/08 05:08:05 [notice] 26#26: exiting
2021/12/08 05:08:05 [notice] 27#27: gracefully shutting down
2021/12/08 05:08:05 [notice] 26#26: exit
2021/12/08 05:08:05 [notice] 27#27: exiting
2021/12/08 05:08:05 [notice] 27#27: exit
2021/12/08 05:08:05 [notice] 1#1: signal 17 (SIGCHLD) received from 26
2021/12/08 05:08:05 [notice] 1#1: worker process 26 exited with code 0
2021/12/08 05:08:05 [notice] 1#1: signal 29 (SIGIO) received
2021/12/08 05:08:05 [notice] 1#1: signal 17 (SIGCHLD) received from 27
2021/12/08 05:08:05 [notice] 1#1: worker process 27 exited with code 0
2021/12/08 05:08:05 [notice] 1#1: exit
2021/12/08 05:10:31 [notice] 1#1: using the "epoll" event method
2021/12/08 05:10:31 [notice] 1#1: nginx/1.20.2
2021/12/08 05:10:31 [notice] 1#1: built by gcc 10.3.1 20210424 (Alpine 10.3.1_git20210424) 
2021/12/08 05:10:31 [notice] 1#1: OS: Linux 5.10.47-linuxkit
2021/12/08 05:10:31 [notice] 1#1: getrlimit(RLIMIT_NOFILE): 1048576:1048576
2021/12/08 05:10:31 [notice] 1#1: start worker processes
2021/12/08 05:10:31 [notice] 1#1: start worker process 23
2021/12/08 05:10:31 [notice] 1#1: start worker process 24
2021/12/08 05:11:14 [error] 23#23: *1 connect() failed (111: Connection refused) while connecting to upstream, client: 192.168.128.1, server: , request: "GET / HTTP/1.1", upstream: "http://192.168.128.2:3001/", host: "localhost"
2021/12/08 05:11:14 [error] 23#23: *1 connect() failed (111: Connection refused) while connecting to upstream, client: 192.168.128.1, server: , request: "GET /favicon.ico HTTP/1.1", upstream: "http://192.168.128.2:3001/favicon.ico", host: "localhost", referrer: "http://localhost/"
2021/12/08 05:11:20 [error] 23#23: *1 connect() failed (111: Connection refused) while connecting to upstream, client: 192.168.128.1, server: , request: "GET / HTTP/1.1", upstream: "http://192.168.128.2:3001/", host: "localhost"
2021/12/08 05:11:21 [error] 23#23: *1 connect() failed (111: Connection refused) while connecting to upstream, client: 192.168.128.1, server: , request: "GET /favicon.ico HTTP/1.1", upstream: "http://192.168.128.2:3001/favicon.ico", host: "localhost", referrer: "http://localhost/"
2021/12/08 05:11:21 [error] 23#23: *1 connect() failed (111: Connection refused) while connecting to upstream, client: 192.168.128.1, server: , request: "GET / HTTP/1.1", upstream: "http://192.168.128.2:3001/", host: "localhost"
2021/12/08 05:11:22 [error] 23#23: *1 connect() failed (111: Connection refused) while connecting to upstream, client: 192.168.128.1, server: , request: "GET /favicon.ico HTTP/1.1", upstream: "http://192.168.128.2:3001/favicon.ico", host: "localhost", referrer: "http://localhost/"
2021/12/08 05:11:33 [error] 23#23: *1 connect() failed (111: Connection refused) while connecting to upstream, client: 192.168.128.1, server: , request: "GET / HTTP/1.1", upstream: "http://192.168.128.2:3001/", host: "localhost"
2021/12/08 05:11:34 [error] 23#23: *1 connect() failed (111: Connection refused) while connecting to upstream, client: 192.168.128.1, server: , request: "GET /favicon.ico HTTP/1.1", upstream: "http://192.168.128.2:3001/favicon.ico", host: "localhost", referrer: "http://localhost/"
2021/12/08 05:11:34 [error] 23#23: *1 connect() failed (111: Connection refused) while connecting to upstream, client: 192.168.128.1, server: , request: "GET / HTTP/1.1", upstream: "http://192.168.128.2:3001/", host: "localhost"
2021/12/08 05:11:35 [error] 23#23: *1 connect() failed (111: Connection refused) while connecting to upstream, client: 192.168.128.1, server: , request: "GET /favicon.ico HTTP/1.1", upstream: "http://192.168.128.2:3001/favicon.ico", host: "localhost", referrer: "http://localhost/"
2021/12/08 05:12:06 [notice] 1#1: signal 3 (SIGQUIT) received, shutting down
2021/12/08 05:12:06 [notice] 24#24: gracefully shutting down
2021/12/08 05:12:06 [notice] 24#24: exiting
2021/12/08 05:12:06 [notice] 23#23: gracefully shutting down
2021/12/08 05:12:06 [notice] 24#24: exit
2021/12/08 05:12:06 [notice] 23#23: exiting
2021/12/08 05:12:06 [notice] 23#23: exit
2021/12/08 05:12:06 [notice] 1#1: signal 17 (SIGCHLD) received from 24
2021/12/08 05:12:06 [notice] 1#1: worker process 24 exited with code 0
2021/12/08 05:12:06 [notice] 1#1: signal 29 (SIGIO) received
2021/12/08 05:12:06 [notice] 1#1: signal 17 (SIGCHLD) received from 23
2021/12/08 05:12:06 [notice] 1#1: worker process 23 exited with code 0
2021/12/08 05:12:06 [notice] 1#1: exit
2021/12/08 05:12:33 [notice] 1#1: using the "epoll" event method
2021/12/08 05:12:33 [notice] 1#1: nginx/1.20.2
2021/12/08 05:12:33 [notice] 1#1: built by gcc 10.3.1 20210424 (Alpine 10.3.1_git20210424) 
2021/12/08 05:12:33 [notice] 1#1: OS: Linux 5.10.47-linuxkit
2021/12/08 05:12:33 [notice] 1#1: getrlimit(RLIMIT_NOFILE): 1048576:1048576
2021/12/08 05:12:33 [notice] 1#1: start worker processes
2021/12/08 05:12:33 [notice] 1#1: start worker process 23
2021/12/08 05:12:33 [notice] 1#1: start worker process 24
2021/12/08 05:13:13 [notice] 1#1: signal 3 (SIGQUIT) received, shutting down
2021/12/08 05:13:13 [notice] 23#23: gracefully shutting down
2021/12/08 05:13:13 [notice] 23#23: exiting
2021/12/08 05:13:13 [notice] 24#24: gracefully shutting down
2021/12/08 05:13:13 [notice] 24#24: exiting
2021/12/08 05:13:13 [notice] 23#23: exit
2021/12/08 05:13:13 [notice] 24#24: exit
2021/12/08 05:13:13 [notice] 1#1: signal 17 (SIGCHLD) received from 23
2021/12/08 05:13:13 [notice] 1#1: worker process 23 exited with code 0
2021/12/08 05:13:13 [notice] 1#1: signal 29 (SIGIO) received
2021/12/08 05:13:13 [notice] 1#1: signal 17 (SIGCHLD) received from 24
2021/12/08 05:13:13 [notice] 1#1: worker process 24 exited with code 0
2021/12/08 05:13:13 [notice] 1#1: exit
2021/12/08 05:13:31 [notice] 1#1: using the "epoll" event method
2021/12/08 05:13:31 [notice] 1#1: nginx/1.20.2
2021/12/08 05:13:31 [notice] 1#1: built by gcc 10.3.1 20210424 (Alpine 10.3.1_git20210424) 
2021/12/08 05:13:31 [notice] 1#1: OS: Linux 5.10.47-linuxkit
2021/12/08 05:13:31 [notice] 1#1: getrlimit(RLIMIT_NOFILE): 1048576:1048576
2021/12/08 05:13:31 [notice] 1#1: start worker processes
2021/12/08 05:13:31 [notice] 1#1: start worker process 23
2021/12/08 05:13:31 [notice] 1#1: start worker process 24
2021/12/08 05:13:38 [notice] 1#1: signal 3 (SIGQUIT) received, shutting down
2021/12/08 05:13:38 [notice] 23#23: gracefully shutting down
2021/12/08 05:13:38 [notice] 24#24: gracefully shutting down
2021/12/08 05:13:38 [notice] 23#23: exiting
2021/12/08 05:13:38 [notice] 24#24: exiting
2021/12/08 05:13:38 [notice] 23#23: exit
2021/12/08 05:13:38 [notice] 24#24: exit
2021/12/08 05:13:38 [notice] 1#1: signal 17 (SIGCHLD) received from 23
2021/12/08 05:13:38 [notice] 1#1: worker process 23 exited with code 0
2021/12/08 05:13:38 [notice] 1#1: signal 29 (SIGIO) received
2021/12/08 05:13:38 [notice] 1#1: signal 17 (SIGCHLD) received from 24
2021/12/08 05:13:38 [notice] 1#1: worker process 24 exited with code 0
2021/12/08 05:13:38 [notice] 1#1: exit
2021/12/08 05:14:33 [notice] 1#1: using the "epoll" event method
2021/12/08 05:14:33 [notice] 1#1: nginx/1.20.2
2021/12/08 05:14:33 [notice] 1#1: built by gcc 10.3.1 20210424 (Alpine 10.3.1_git20210424) 
2021/12/08 05:14:33 [notice] 1#1: OS: Linux 5.10.47-linuxkit
2021/12/08 05:14:33 [notice] 1#1: getrlimit(RLIMIT_NOFILE): 1048576:1048576
2021/12/08 05:14:33 [notice] 1#1: start worker processes
2021/12/08 05:14:33 [notice] 1#1: start worker process 23
2021/12/08 05:14:33 [notice] 1#1: start worker process 24
2021/12/08 05:16:22 [error] 23#23: *1 upstream timed out (110: Operation timed out) while reading response header from upstream, client: 172.18.0.1, server: , request: "GET / HTTP/1.1", upstream: "http://172.18.0.2:3000/", host: "localhost:8000"
2021/12/08 05:20:45 [notice] 1#1: signal 3 (SIGQUIT) received, shutting down
2021/12/08 05:20:45 [notice] 23#23: gracefully shutting down
2021/12/08 05:20:45 [notice] 24#24: gracefully shutting down
2021/12/08 05:20:45 [notice] 24#24: exiting
2021/12/08 05:20:45 [notice] 23#23: exiting
2021/12/08 05:20:45 [notice] 24#24: exit
2021/12/08 05:20:45 [notice] 23#23: exit
2021/12/08 05:20:45 [notice] 1#1: signal 17 (SIGCHLD) received from 24
2021/12/08 05:20:45 [notice] 1#1: worker process 23 exited with code 0
2021/12/08 05:20:45 [notice] 1#1: worker process 24 exited with code 0
2021/12/08 05:20:45 [notice] 1#1: exit
2021/12/08 05:21:05 [notice] 1#1: using the "epoll" event method
2021/12/08 05:21:05 [notice] 1#1: nginx/1.20.2
2021/12/08 05:21:05 [notice] 1#1: built by gcc 10.3.1 20210424 (Alpine 10.3.1_git20210424) 
2021/12/08 05:21:05 [notice] 1#1: OS: Linux 5.10.47-linuxkit
2021/12/08 05:21:05 [notice] 1#1: getrlimit(RLIMIT_NOFILE): 1048576:1048576
2021/12/08 05:21:05 [notice] 1#1: start worker processes
2021/12/08 05:21:05 [notice] 1#1: start worker process 23
2021/12/08 05:21:05 [notice] 1#1: start worker process 24
2021/12/08 05:22:09 [notice] 1#1: signal 3 (SIGQUIT) received, shutting down
2021/12/08 05:22:09 [notice] 23#23: gracefully shutting down
2021/12/08 05:22:09 [notice] 23#23: exiting
2021/12/08 05:22:09 [notice] 24#24: gracefully shutting down
2021/12/08 05:22:09 [notice] 24#24: exiting
2021/12/08 05:22:09 [notice] 23#23: exit
2021/12/08 05:22:09 [notice] 24#24: exit
2021/12/08 05:22:09 [notice] 1#1: signal 17 (SIGCHLD) received from 23
2021/12/08 05:22:09 [notice] 1#1: worker process 23 exited with code 0
2021/12/08 05:22:09 [notice] 1#1: worker process 24 exited with code 0
2021/12/08 05:22:09 [notice] 1#1: exit
