2021/12/08 05:10:32 [notice] 1#1: using the "epoll" event method
2021/12/08 05:10:32 [notice] 1#1: nginx/1.20.2
2021/12/08 05:10:32 [notice] 1#1: built by gcc 10.3.1 20210424 (Alpine 10.3.1_git20210424) 
2021/12/08 05:10:32 [notice] 1#1: OS: Linux 5.10.47-linuxkit
2021/12/08 05:10:32 [notice] 1#1: getrlimit(RLIMIT_NOFILE): 1048576:1048576
2021/12/08 05:10:32 [notice] 1#1: start worker processes
2021/12/08 05:10:32 [notice] 1#1: start worker process 23
2021/12/08 05:10:32 [notice] 1#1: start worker process 24
2021/12/08 05:12:06 [notice] 1#1: signal 3 (SIGQUIT) received, shutting down
2021/12/08 05:12:06 [notice] 23#23: gracefully shutting down
2021/12/08 05:12:06 [notice] 23#23: exiting
2021/12/08 05:12:06 [notice] 24#24: gracefully shutting down
2021/12/08 05:12:06 [notice] 23#23: exit
2021/12/08 05:12:06 [notice] 24#24: exiting
2021/12/08 05:12:06 [notice] 24#24: exit
2021/12/08 05:12:06 [notice] 1#1: signal 17 (SIGCHLD) received from 23
2021/12/08 05:12:06 [notice] 1#1: worker process 23 exited with code 0
2021/12/08 05:12:06 [notice] 1#1: signal 29 (SIGIO) received
2021/12/08 05:12:06 [notice] 1#1: signal 17 (SIGCHLD) received from 24
2021/12/08 05:12:06 [notice] 1#1: worker process 24 exited with code 0
2021/12/08 05:12:06 [notice] 1#1: exit
2021/12/08 05:12:35 [notice] 1#1: using the "epoll" event method
2021/12/08 05:12:35 [notice] 1#1: nginx/1.20.2
2021/12/08 05:12:35 [notice] 1#1: built by gcc 10.3.1 20210424 (Alpine 10.3.1_git20210424) 
2021/12/08 05:12:35 [notice] 1#1: OS: Linux 5.10.47-linuxkit
2021/12/08 05:12:35 [notice] 1#1: getrlimit(RLIMIT_NOFILE): 1048576:1048576
2021/12/08 05:12:35 [notice] 1#1: start worker processes
2021/12/08 05:12:35 [notice] 1#1: start worker process 23
2021/12/08 05:12:35 [notice] 1#1: start worker process 24
2021/12/08 05:13:13 [notice] 1#1: signal 3 (SIGQUIT) received, shutting down
2021/12/08 05:13:13 [notice] 23#23: gracefully shutting down
2021/12/08 05:13:13 [notice] 23#23: exiting
2021/12/08 05:13:13 [notice] 24#24: gracefully shutting down
2021/12/08 05:13:13 [notice] 24#24: exiting
2021/12/08 05:13:13 [notice] 23#23: exit
2021/12/08 05:13:13 [notice] 24#24: exit
2021/12/08 05:13:13 [notice] 1#1: signal 17 (SIGCHLD) received from 23
2021/12/08 05:13:13 [notice] 1#1: worker process 23 exited with code 0
2021/12/08 05:13:13 [notice] 1#1: signal 29 (SIGIO) received
2021/12/08 05:13:13 [notice] 1#1: signal 17 (SIGCHLD) received from 24
2021/12/08 05:13:13 [notice] 1#1: worker process 24 exited with code 0
2021/12/08 05:13:13 [notice] 1#1: exit
2021/12/08 05:13:32 [notice] 1#1: using the "epoll" event method
2021/12/08 05:13:32 [notice] 1#1: nginx/1.20.2
2021/12/08 05:13:32 [notice] 1#1: built by gcc 10.3.1 20210424 (Alpine 10.3.1_git20210424) 
2021/12/08 05:13:32 [notice] 1#1: OS: Linux 5.10.47-linuxkit
2021/12/08 05:13:32 [notice] 1#1: getrlimit(RLIMIT_NOFILE): 1048576:1048576
2021/12/08 05:13:32 [notice] 1#1: start worker processes
2021/12/08 05:13:32 [notice] 1#1: start worker process 23
2021/12/08 05:13:32 [notice] 1#1: start worker process 24
2021/12/08 05:13:38 [notice] 1#1: signal 3 (SIGQUIT) received, shutting down
2021/12/08 05:13:38 [notice] 24#24: gracefully shutting down
2021/12/08 05:13:38 [notice] 23#23: gracefully shutting down
2021/12/08 05:13:38 [notice] 24#24: exiting
2021/12/08 05:13:38 [notice] 23#23: exiting
2021/12/08 05:13:38 [notice] 24#24: exit
2021/12/08 05:13:38 [notice] 23#23: exit
2021/12/08 05:13:38 [notice] 1#1: signal 17 (SIGCHLD) received from 24
2021/12/08 05:13:38 [notice] 1#1: worker process 24 exited with code 0
2021/12/08 05:13:38 [notice] 1#1: worker process 23 exited with code 0
2021/12/08 05:13:38 [notice] 1#1: exit
2021/12/08 05:14:34 [notice] 1#1: using the "epoll" event method
2021/12/08 05:14:34 [notice] 1#1: nginx/1.20.2
2021/12/08 05:14:34 [notice] 1#1: built by gcc 10.3.1 20210424 (Alpine 10.3.1_git20210424) 
2021/12/08 05:14:34 [notice] 1#1: OS: Linux 5.10.47-linuxkit
2021/12/08 05:14:34 [notice] 1#1: getrlimit(RLIMIT_NOFILE): 1048576:1048576
2021/12/08 05:14:34 [notice] 1#1: start worker processes
2021/12/08 05:14:34 [notice] 1#1: start worker process 23
2021/12/08 05:14:34 [notice] 1#1: start worker process 24
2021/12/08 05:20:45 [notice] 1#1: signal 3 (SIGQUIT) received, shutting down
2021/12/08 05:20:45 [notice] 24#24: gracefully shutting down
2021/12/08 05:20:45 [notice] 23#23: gracefully shutting down
2021/12/08 05:20:45 [notice] 23#23: exiting
2021/12/08 05:20:45 [notice] 24#24: exiting
2021/12/08 05:20:45 [notice] 23#23: exit
2021/12/08 05:20:45 [notice] 24#24: exit
2021/12/08 05:20:45 [notice] 1#1: signal 17 (SIGCHLD) received from 24
2021/12/08 05:20:45 [notice] 1#1: worker process 24 exited with code 0
2021/12/08 05:20:45 [notice] 1#1: signal 29 (SIGIO) received
2021/12/08 05:20:45 [notice] 1#1: signal 17 (SIGCHLD) received from 23
2021/12/08 05:20:45 [notice] 1#1: worker process 23 exited with code 0
2021/12/08 05:20:45 [notice] 1#1: exit
2021/12/08 05:21:06 [notice] 1#1: using the "epoll" event method
2021/12/08 05:21:06 [notice] 1#1: nginx/1.20.2
2021/12/08 05:21:06 [notice] 1#1: built by gcc 10.3.1 20210424 (Alpine 10.3.1_git20210424) 
2021/12/08 05:21:06 [notice] 1#1: OS: Linux 5.10.47-linuxkit
2021/12/08 05:21:06 [notice] 1#1: getrlimit(RLIMIT_NOFILE): 1048576:1048576
2021/12/08 05:21:06 [notice] 1#1: start worker processes
2021/12/08 05:21:06 [notice] 1#1: start worker process 25
2021/12/08 05:21:06 [notice] 1#1: start worker process 26
2021/12/08 05:22:09 [notice] 1#1: signal 3 (SIGQUIT) received, shutting down
2021/12/08 05:22:09 [notice] 26#26: gracefully shutting down
2021/12/08 05:22:09 [notice] 26#26: exiting
2021/12/08 05:22:09 [notice] 25#25: gracefully shutting down
2021/12/08 05:22:09 [notice] 26#26: exit
2021/12/08 05:22:09 [notice] 25#25: exiting
2021/12/08 05:22:09 [notice] 1#1: signal 17 (SIGCHLD) received from 26
2021/12/08 05:22:09 [notice] 1#1: worker process 26 exited with code 0
2021/12/08 05:22:09 [notice] 25#25: exit
2021/12/08 05:22:09 [notice] 1#1: signal 29 (SIGIO) received
2021/12/08 05:22:09 [notice] 1#1: signal 17 (SIGCHLD) received from 25
2021/12/08 05:22:09 [notice] 1#1: worker process 25 exited with code 0
2021/12/08 05:22:09 [notice] 1#1: exit
